<?xml version="1.0" encoding="UTF-8"?>
<testsuite xmlns:xsi="http://www.w3.org/2001/XMLSchema-instance" xsi:noNamespaceSchemaLocation="https://maven.apache.org/surefire/maven-surefire-plugin/xsd/surefire-test-report-3.0.xsd" version="3.0" name="com.orderservice.OrderServiceApplicationTests" time="8.244" tests="1" errors="0" skipped="0" failures="0">
  <properties>
[...]
</properties>
  <testcase name="contextLoads" classname="com.orderservice.OrderServiceApplicationTests" time="0.669">
    <system-out><![CDATA[02:04:42.636 [main] INFO org.springframework.test.context.support.AnnotationConfigContextLoaderUtils -- Could not detect default configuration classes for test class [com.orderservice.OrderServiceApplicationTests]: OrderServiceApplicationTests does not declare any static, non-private, non-final, nested classes annotated with @Configuration.
02:04:42.851 [main] INFO org.springframework.boot.test.context.SpringBootTestContextBootstrapper -- Found @SpringBootConfiguration com.orderservice.OrderServiceApplication for test class com.orderservice.OrderServiceApplicationTests

  .   ____          _            __ _ _
 /\\ / ___'_ __ _ _(_)_ __  __ _ \ \ \ \
( ( )\___ | '_ | '_| | '_ \/ _` | \ \ \ \
 \\/  ___)| |_)| | | | | || (_| |  ) ) ) )
  '  |____| .__|_| |_|_| |_\__, | / / / /
 =========|_|==============|___/=/_/_/_/
 :: Spring Boot ::                (v3.1.2)

2023-07-26T02:04:43.667+05:30  INFO 21476 --- [           main] c.o.OrderServiceApplicationTests         : Starting OrderServiceApplicationTests using Java 17.0.4.1 with PID 21476 (started by hp in C:\Users\hp\IdeaProjects\microservice-new\order-service)
2023-07-26T02:04:43.670+05:30  INFO 21476 --- [           main] c.o.OrderServiceApplicationTests         : No active profile set, falling back to 1 default profile: "default"
2023-07-26T02:04:44.837+05:30  INFO 21476 --- [           main] .s.d.r.c.RepositoryConfigurationDelegate : Bootstrapping Spring Data JPA repositories in DEFAULT mode.
2023-07-26T02:04:44.981+05:30  INFO 21476 --- [           main] .s.d.r.c.RepositoryConfigurationDelegate : Finished Spring Data repository scanning in 127 ms. Found 1 JPA repository interfaces.
2023-07-26T02:04:45.922+05:30  INFO 21476 --- [           main] o.hibernate.jpa.internal.util.LogHelper  : HHH000204: Processing PersistenceUnitInfo [name: default]
2023-07-26T02:04:46.021+05:30  INFO 21476 --- [           main] org.hibernate.Version                    : HHH000412: Hibernate ORM core version 6.2.6.Final
2023-07-26T02:04:46.025+05:30  INFO 21476 --- [           main] org.hibernate.cfg.Environment            : HHH000406: Using bytecode reflection optimizer
2023-07-26T02:04:46.401+05:30  INFO 21476 --- [           main] o.h.b.i.BytecodeProviderInitiator        : HHH000021: Bytecode provider name : bytebuddy
2023-07-26T02:04:46.605+05:30  INFO 21476 --- [           main] o.s.o.j.p.SpringPersistenceUnitInfo      : No LoadTimeWeaver setup: ignoring JPA class transformer
2023-07-26T02:04:46.629+05:30  INFO 21476 --- [           main] com.zaxxer.hikari.HikariDataSource       : HikariPool-1 - Starting...
2023-07-26T02:04:47.171+05:30  INFO 21476 --- [           main] com.zaxxer.hikari.pool.HikariPool        : HikariPool-1 - Added connection com.mysql.cj.jdbc.ConnectionImpl@2b458cd6
2023-07-26T02:04:47.174+05:30  INFO 21476 --- [           main] com.zaxxer.hikari.HikariDataSource       : HikariPool-1 - Start completed.
2023-07-26T02:04:47.744+05:30  INFO 21476 --- [           main] o.h.b.i.BytecodeProviderInitiator        : HHH000021: Bytecode provider name : bytebuddy
2023-07-26T02:04:48.794+05:30  INFO 21476 --- [           main] o.h.e.t.j.p.i.JtaPlatformInitiator       : HHH000490: Using JtaPlatform implementation: [org.hibernate.engine.transaction.jta.platform.internal.NoJtaPlatform]
2023-07-26T02:04:48.944+05:30  INFO 21476 --- [           main] j.LocalContainerEntityManagerFactoryBean : Initialized JPA EntityManagerFactory for persistence unit 'default'
2023-07-26T02:04:49.469+05:30  WARN 21476 --- [           main] JpaBaseConfiguration$JpaWebConfiguration : spring.jpa.open-in-view is enabled by default. Therefore, database queries may be performed during view rendering. Explicitly configure spring.jpa.open-in-view to disable this warning
2023-07-26T02:04:49.948+05:30  INFO 21476 --- [           main] c.o.OrderServiceApplicationTests         : Started OrderServiceApplicationTests in 6.832 seconds (process running for 8.394)
]]></system-out>
  </testcase>
</testsuite>