<?xml version="1.0" encoding="UTF-8"?>
<testsuite xmlns:xsi="http://www.w3.org/2001/XMLSchema-instance" xsi:noNamespaceSchemaLocation="https://maven.apache.org/surefire/maven-surefire-plugin/xsd/surefire-test-report-3.0.xsd" version="3.0" name="com.productservice.ProductServiceApplicationTests" time="5.471" tests="1" errors="0" skipped="0" failures="0">
  <properties>
[...]
</properties>
  <testcase name="contextLoads" classname="com.productservice.ProductServiceApplicationTests" time="1.137">
    <system-out><![CDATA[02:04:30.733 [main] INFO org.springframework.test.context.support.AnnotationConfigContextLoaderUtils -- Could not detect default configuration classes for test class [com.productservice.ProductServiceApplicationTests]: ProductServiceApplicationTests does not declare any static, non-private, non-final, nested classes annotated with @Configuration.
02:04:30.923 [main] INFO org.springframework.boot.test.context.SpringBootTestContextBootstrapper -- Found @SpringBootConfiguration com.productservice.ProductServiceApplication for test class com.productservice.ProductServiceApplicationTests

  .   ____          _            __ _ _
 /\\ / ___'_ __ _ _(_)_ __  __ _ \ \ \ \
( ( )\___ | '_ | '_| | '_ \/ _` | \ \ \ \
 \\/  ___)| |_)| | | | | || (_| |  ) ) ) )
  '  |____| .__|_| |_|_| |_\__, | / / / /
 =========|_|==============|___/=/_/_/_/
 :: Spring Boot ::                (v3.1.2)

2023-07-26T02:04:31.617+05:30  INFO 18632 --- [           main] c.p.ProductServiceApplicationTests       : Starting ProductServiceApplicationTests using Java 17.0.4.1 with PID 18632 (started by hp in C:\Users\hp\IdeaProjects\microservice-new\product-service)
2023-07-26T02:04:31.619+05:30  INFO 18632 --- [           main] c.p.ProductServiceApplicationTests       : No active profile set, falling back to 1 default profile: "default"
2023-07-26T02:04:32.562+05:30  INFO 18632 --- [           main] .s.d.r.c.RepositoryConfigurationDelegate : Bootstrapping Spring Data MongoDB repositories in DEFAULT mode.
2023-07-26T02:04:32.646+05:30  INFO 18632 --- [           main] .s.d.r.c.RepositoryConfigurationDelegate : Finished Spring Data repository scanning in 76 ms. Found 1 MongoDB repository interfaces.
2023-07-26T02:04:33.469+05:30  INFO 18632 --- [           main] org.mongodb.driver.client                : MongoClient with metadata {"driver": {"name": "mongo-java-driver|sync|spring-boot", "version": "4.9.1"}, "os": {"type": "Windows", "name": "Windows 10", "architecture": "amd64", "version": "10.0"}, "platform": "Java/Oracle Corporation/17.0.4.1+1-LTS-2"} created with settings MongoClientSettings{readPreference=primary, writeConcern=WriteConcern{w=majority, wTimeout=null ms, journal=null}, retryWrites=true, retryReads=true, readConcern=ReadConcern{level=null}, credential=MongoCredential{mechanism=null, userName='root', source='admin', password=<hidden>, mechanismProperties=<hidden>}, streamFactoryFactory=null, commandListeners=[], codecRegistry=ProvidersCodecRegistry{codecProviders=[ValueCodecProvider{}, BsonValueCodecProvider{}, DBRefCodecProvider{}, DBObjectCodecProvider{}, DocumentCodecProvider{}, CollectionCodecProvider{}, IterableCodecProvider{}, MapCodecProvider{}, GeoJsonCodecProvider{}, GridFSFileCodecProvider{}, Jsr310CodecProvider{}, JsonObjectCodecProvider{}, BsonCodecProvider{}, EnumCodecProvider{}, com.mongodb.client.model.mql.ExpressionCodecProvider@d3f4505, com.mongodb.Jep395RecordCodecProvider@3eb292cd]}, loggerSettings=LoggerSettings{maxDocumentLength=1000}, clusterSettings={hosts=[127.0.0.1:27017], srvHost=mongo-cluster.ksnhhca.mongodb.net, srvServiceName=mongodb, mode=MULTIPLE, requiredClusterType=REPLICA_SET, requiredReplicaSetName='atlas-2cnl7n-shard-0', serverSelector='null', clusterListeners='[]', serverSelectionTimeout='30000 ms', localThreshold='30000 ms'}, socketSettings=SocketSettings{connectTimeoutMS=10000, readTimeoutMS=0, receiveBufferSize=0, sendBufferSize=0}, heartbeatSocketSettings=SocketSettings{connectTimeoutMS=10000, readTimeoutMS=10000, receiveBufferSize=0, sendBufferSize=0}, connectionPoolSettings=ConnectionPoolSettings{maxSize=100, minSize=0, maxWaitTimeMS=120000, maxConnectionLifeTimeMS=0, maxConnectionIdleTimeMS=0, maintenanceInitialDelayMS=0, maintenanceFrequencyMS=60000, connectionPoolListeners=[], maxConnecting=2}, serverSettings=ServerSettings{heartbeatFrequencyMS=10000, minHeartbeatFrequencyMS=500, serverListeners='[]', serverMonitorListeners='[]'}, sslSettings=SslSettings{enabled=true, invalidHostNameAllowed=false, context=null}, applicationName='null', compressorList=[], uuidRepresentation=JAVA_LEGACY, serverApi=null, autoEncryptionSettings=null, contextProvider=null}
2023-07-26T02:04:33.522+05:30  INFO 18632 --- [hca.mongodb.net] org.mongodb.driver.cluster               : Adding discovered server ac-gtdhykm-shard-00-00.ksnhhca.mongodb.net:27017 to client view of cluster
2023-07-26T02:04:33.561+05:30  INFO 18632 --- [hca.mongodb.net] org.mongodb.driver.cluster               : Adding discovered server ac-gtdhykm-shard-00-01.ksnhhca.mongodb.net:27017 to client view of cluster
2023-07-26T02:04:33.563+05:30  INFO 18632 --- [hca.mongodb.net] org.mongodb.driver.cluster               : Adding discovered server ac-gtdhykm-shard-00-02.ksnhhca.mongodb.net:27017 to client view of cluster
2023-07-26T02:04:34.373+05:30  INFO 18632 --- [ngodb.net:27017] org.mongodb.driver.cluster               : Monitor thread successfully connected to server with description ServerDescription{address=ac-gtdhykm-shard-00-00.ksnhhca.mongodb.net:27017, type=REPLICA_SET_SECONDARY, state=CONNECTED, ok=true, minWireVersion=0, maxWireVersion=17, maxDocumentSize=16777216, logicalSessionTimeoutMinutes=30, roundTripTimeNanos=370667100, setName='atlas-2cnl7n-shard-0', canonicalAddress=ac-gtdhykm-shard-00-00.ksnhhca.mongodb.net:27017, hosts=[ac-gtdhykm-shard-00-00.ksnhhca.mongodb.net:27017, ac-gtdhykm-shard-00-01.ksnhhca.mongodb.net:27017, ac-gtdhykm-shard-00-02.ksnhhca.mongodb.net:27017], passives=[], arbiters=[], primary='ac-gtdhykm-shard-00-01.ksnhhca.mongodb.net:27017', tagSet=TagSet{[Tag{name='nodeType', value='ELECTABLE'}, Tag{name='provider', value='AWS'}, Tag{name='region', value='AP_SOUTH_1'}, Tag{name='workloadType', value='OPERATIONAL'}]}, electionId=null, setVersion=6, topologyVersion=TopologyVersion{processId=64b5669cc40027bd7bb84247, counter=4}, lastWriteDate=Wed Jul 26 02:04:36 IST 2023, lastUpdateTimeNanos=810269114223900}
2023-07-26T02:04:34.373+05:30  INFO 18632 --- [ngodb.net:27017] org.mongodb.driver.cluster               : Monitor thread successfully connected to server with description ServerDescription{address=ac-gtdhykm-shard-00-01.ksnhhca.mongodb.net:27017, type=REPLICA_SET_PRIMARY, state=CONNECTED, ok=true, minWireVersion=0, maxWireVersion=17, maxDocumentSize=16777216, logicalSessionTimeoutMinutes=30, roundTripTimeNanos=365362800, setName='atlas-2cnl7n-shard-0', canonicalAddress=ac-gtdhykm-shard-00-01.ksnhhca.mongodb.net:27017, hosts=[ac-gtdhykm-shard-00-00.ksnhhca.mongodb.net:27017, ac-gtdhykm-shard-00-01.ksnhhca.mongodb.net:27017, ac-gtdhykm-shard-00-02.ksnhhca.mongodb.net:27017], passives=[], arbiters=[], primary='ac-gtdhykm-shard-00-01.ksnhhca.mongodb.net:27017', tagSet=TagSet{[Tag{name='nodeType', value='ELECTABLE'}, Tag{name='provider', value='AWS'}, Tag{name='region', value='AP_SOUTH_1'}, Tag{name='workloadType', value='OPERATIONAL'}]}, electionId=7fffffff0000000000000188, setVersion=6, topologyVersion=TopologyVersion{processId=64b566ffceca4c282b54d271, counter=6}, lastWriteDate=Wed Jul 26 02:04:36 IST 2023, lastUpdateTimeNanos=810269114223800}
2023-07-26T02:04:34.373+05:30  INFO 18632 --- [ngodb.net:27017] org.mongodb.driver.cluster               : Monitor thread successfully connected to server with description ServerDescription{address=ac-gtdhykm-shard-00-02.ksnhhca.mongodb.net:27017, type=REPLICA_SET_SECONDARY, state=CONNECTED, ok=true, minWireVersion=0, maxWireVersion=17, maxDocumentSize=16777216, logicalSessionTimeoutMinutes=30, roundTripTimeNanos=370694000, setName='atlas-2cnl7n-shard-0', canonicalAddress=ac-gtdhykm-shard-00-02.ksnhhca.mongodb.net:27017, hosts=[ac-gtdhykm-shard-00-00.ksnhhca.mongodb.net:27017, ac-gtdhykm-shard-00-01.ksnhhca.mongodb.net:27017, ac-gtdhykm-shard-00-02.ksnhhca.mongodb.net:27017], passives=[], arbiters=[], primary='ac-gtdhykm-shard-00-01.ksnhhca.mongodb.net:27017', tagSet=TagSet{[Tag{name='nodeType', value='ELECTABLE'}, Tag{name='provider', value='AWS'}, Tag{name='region', value='AP_SOUTH_1'}, Tag{name='workloadType', value='OPERATIONAL'}]}, electionId=null, setVersion=6, topologyVersion=TopologyVersion{processId=64b56764bb35bacbabe23f59, counter=3}, lastWriteDate=Wed Jul 26 02:04:36 IST 2023, lastUpdateTimeNanos=810269114223900}
2023-07-26T02:04:34.378+05:30  INFO 18632 --- [ngodb.net:27017] org.mongodb.driver.cluster               : Discovered replica set primary ac-gtdhykm-shard-00-01.ksnhhca.mongodb.net:27017 with max election id 7fffffff0000000000000188 and max set version 6
2023-07-26T02:04:34.748+05:30  INFO 18632 --- [           main] c.p.ProductServiceApplicationTests       : Started ProductServiceApplicationTests in 3.567 seconds (process running for 5.124)
]]></system-out>
  </testcase>
</testsuite>